Using pre-set license
Built from '2020.3/staging' branch; Version is '2020.3.5f1 (8095aa901b9b) revision 8426922'; Using compiler version '192528614'; Build Type 'Release'
OS: 'Windows 10 Home Single Language; OS build 19042.985; Version 2009; 64bit' Language: 'es' Physical Memory: 16226 MB
BatchMode: 1, IsHumanControllingUs: 0, StartBugReporterOnCrash: 0, Is64bit: 1, IsPro: 0

 COMMAND LINE ARGUMENTS:
C:\Program Files\Unity\Hub\Editor\2020.3.5f1\Editor\Unity.exe
-adb2
-batchMode
-noUpm
-name
AssetImportWorker0
-projectPath
C:/Users/matia/Desktop/MATIAS A. VALLEJOS/PROJECTS (University and others)/UNITY PROJECTS/Unity Learn/ConceptProgramming/Example4
-logFile
Logs/AssetImportWorker0.log
-srvPort
58678
Successfully changed project path to: C:/Users/matia/Desktop/MATIAS A. VALLEJOS/PROJECTS (University and others)/UNITY PROJECTS/Unity Learn/ConceptProgramming/Example4
C:/Users/matia/Desktop/MATIAS A. VALLEJOS/PROJECTS (University and others)/UNITY PROJECTS/Unity Learn/ConceptProgramming/Example4
Using Asset Import Pipeline V2.
Refreshing native plugins compatible for Editor in 38.28 ms, found 0 plugins.
Preloading 0 native plugins for Editor in 0.00 ms.
Initialize engine version: 2020.3.5f1 (8095aa901b9b)
[Subsystems] Discovering subsystems at path C:/Program Files/Unity/Hub/Editor/2020.3.5f1/Editor/Data/Resources/UnitySubsystems
[Subsystems] Discovering subsystems at path C:/Users/matia/Desktop/MATIAS A. VALLEJOS/PROJECTS (University and others)/UNITY PROJECTS/Unity Learn/ConceptProgramming/Example4/Assets
GfxDevice: creating device client; threaded=0
Direct3D:
    Version:  Direct3D 11.0 [level 11.1]
    Renderer: NVIDIA GeForce GTX 1050 (ID=0x1c8d)
    Vendor:   
    VRAM:     4019 MB
    Driver:   27.21.14.6627
Initialize mono
Mono path[0] = 'C:/Program Files/Unity/Hub/Editor/2020.3.5f1/Editor/Data/Managed'
Mono path[1] = 'C:/Program Files/Unity/Hub/Editor/2020.3.5f1/Editor/Data/MonoBleedingEdge/lib/mono/unityjit'
Mono config path = 'C:/Program Files/Unity/Hub/Editor/2020.3.5f1/Editor/Data/MonoBleedingEdge/etc'
Using monoOptions --debugger-agent=transport=dt_socket,embedding=1,server=y,suspend=n,address=127.0.0.1:56120
Begin MonoManager ReloadAssembly
Registering precompiled unity dll's ...
Register platform support module: C:/Program Files/Unity/Hub/Editor/2020.3.5f1/Editor/Data/PlaybackEngines/WebGLSupport/UnityEditor.WebGL.Extensions.dll
Register platform support module: C:/Program Files/Unity/Hub/Editor/2020.3.5f1/Editor/Data/PlaybackEngines/WindowsStandaloneSupport/UnityEditor.WindowsStandalone.Extensions.dll
Registered in 0.004009 seconds.
Native extension for WindowsStandalone target not found
Native extension for WebGL target not found
Refreshing native plugins compatible for Editor in 36.56 ms, found 0 plugins.
Preloading 0 native plugins for Editor in 0.00 ms.
Mono: successfully reloaded assembly
- Completed reload, in  3.265 seconds
Platform modules already initialized, skipping
Registering precompiled user dll's ...
Registered in 0.001156 seconds.
Begin MonoManager ReloadAssembly
Native extension for WindowsStandalone target not found
Native extension for WebGL target not found
Refreshing native plugins compatible for Editor in 0.26 ms, found 0 plugins.
Preloading 0 native plugins for Editor in 0.00 ms.
Mono: successfully reloaded assembly
- Completed reload, in  1.297 seconds
Platform modules already initialized, skipping
========================================================================
Worker process is ready to serve import requests
Launched and connected shader compiler UnityShaderCompiler.exe after 0.08 seconds
Refreshing native plugins compatible for Editor in 0.42 ms, found 0 plugins.
Preloading 0 native plugins for Editor in 0.00 ms.
Unloading 1115 Unused Serialized files (Serialized files now loaded: 0)
System memory in use before: 57.5 MB.
System memory in use after: 57.5 MB.

Unloading 10 unused Assets to reduce memory usage. Loaded Objects now: 1557.
Total: 2.582400 ms (FindLiveObjects: 0.206400 ms CreateObjectMapping: 0.058000 ms MarkObjects: 2.202800 ms  DeleteObjects: 0.112500 ms)

========================================================================
Received Import Request.
  path: Assets
  artifactKey: Guid(00000000000000001000000000000000) Importer(815301076,1909f56bfc062723c751e8b465ee728b)
Start importing Assets using Guid(00000000000000001000000000000000) Importer(815301076,1909f56bfc062723c751e8b465ee728b)  -> (artifact id: 'e4856052512617ee48189cf1d7999900') in 0.012793 seconds
  Import took 0.015522 seconds .

========================================================================
Received Import Request.
  Time since last request: 1.129700 seconds.
  path: Assets/Scripts
  artifactKey: Guid(9240840440a875441a125265dba3fd22) Importer(815301076,1909f56bfc062723c751e8b465ee728b)
Start importing Assets/Scripts using Guid(9240840440a875441a125265dba3fd22) Importer(815301076,1909f56bfc062723c751e8b465ee728b)  -> (artifact id: '4db64adcd20faaed71603f2d01c0bb7c') in 0.015620 seconds
  Import took 0.019599 seconds .

========================================================================
Received Import Request.
  Time since last request: 170.173040 seconds.
  path: Assets/Data
  artifactKey: Guid(7e27ca79d41b4d54da230be61e720bef) Importer(815301076,1909f56bfc062723c751e8b465ee728b)
Start importing Assets/Data using Guid(7e27ca79d41b4d54da230be61e720bef) Importer(815301076,1909f56bfc062723c751e8b465ee728b)  -> (artifact id: '13b50159e0fe5f9790a19da3ab6479a1') in 0.010284 seconds
  Import took 0.014064 seconds .

========================================================================
Received Import Request.
  Time since last request: 4.064932 seconds.
  path: Assets/Art
  artifactKey: Guid(aa5633484e048cc4c941c4e9b68e8350) Importer(815301076,1909f56bfc062723c751e8b465ee728b)
Start importing Assets/Art using Guid(aa5633484e048cc4c941c4e9b68e8350) Importer(815301076,1909f56bfc062723c751e8b465ee728b)  -> (artifact id: 'b01eaa89a288c1c8f490df71c8cd1d25') in 0.009819 seconds
  Import took 0.012591 seconds .

========================================================================
Received Import Request.
  Time since last request: 9.562386 seconds.
  path: Assets/Editor
  artifactKey: Guid(56b3ee18ce5bcbb438fd2fecd3ac6f80) Importer(815301076,1909f56bfc062723c751e8b465ee728b)
Start importing Assets/Editor using Guid(56b3ee18ce5bcbb438fd2fecd3ac6f80) Importer(815301076,1909f56bfc062723c751e8b465ee728b)  -> (artifact id: 'f1a38222224e66244e1dd16c36f1e5c9') in 0.010783 seconds
  Import took 0.013528 seconds .

========================================================================
Received Import Request.
  Time since last request: 10.388883 seconds.
  path: Assets/Plugins
  artifactKey: Guid(845e4e3a508f9d04f9b9442ce1f5e7d3) Importer(815301076,1909f56bfc062723c751e8b465ee728b)
Start importing Assets/Plugins using Guid(845e4e3a508f9d04f9b9442ce1f5e7d3) Importer(815301076,1909f56bfc062723c751e8b465ee728b)  -> (artifact id: '9068c55f9531609cfa2f49603396d4dc') in 0.009709 seconds
  Import took 0.012342 seconds .

========================================================================
Received Import Request.
  Time since last request: 9.670794 seconds.
  path: Assets/Prefabs
  artifactKey: Guid(db18bab8161570948822b1c328c2bf72) Importer(815301076,1909f56bfc062723c751e8b465ee728b)
Start importing Assets/Prefabs using Guid(db18bab8161570948822b1c328c2bf72) Importer(815301076,1909f56bfc062723c751e8b465ee728b)  -> (artifact id: 'bf2fbedb17470a3b633a36ae4cd6c909') in 0.009630 seconds
  Import took 0.012275 seconds .

========================================================================
Received Import Request.
  Time since last request: 7.068746 seconds.
  path: Assets/Sprite
  artifactKey: Guid(76cc8baaaa4c9de47a9b508bb17c2abf) Importer(815301076,1909f56bfc062723c751e8b465ee728b)
Start importing Assets/Sprite using Guid(76cc8baaaa4c9de47a9b508bb17c2abf) Importer(815301076,1909f56bfc062723c751e8b465ee728b)  -> (artifact id: '132e3217dac52d66a83c5a55d54633be') in 0.009808 seconds
  Import took 0.012518 seconds .

========================================================================
Received Import Request.
  Time since last request: 7.052512 seconds.
  path: Assets/Sprites
  artifactKey: Guid(76cc8baaaa4c9de47a9b508bb17c2abf) Importer(815301076,1909f56bfc062723c751e8b465ee728b)
Start importing Assets/Sprites using Guid(76cc8baaaa4c9de47a9b508bb17c2abf) Importer(815301076,1909f56bfc062723c751e8b465ee728b)  -> (artifact id: '278bf5b3b74c2acfd985ede77a8a6d45') in 0.011613 seconds
  Import took 0.014241 seconds .

========================================================================
Received Import Request.
  Time since last request: 17.135192 seconds.
  path: Assets/Art/Animations
  artifactKey: Guid(cba825dc638b95f4eb58ff40a31a0366) Importer(815301076,1909f56bfc062723c751e8b465ee728b)
Start importing Assets/Art/Animations using Guid(cba825dc638b95f4eb58ff40a31a0366) Importer(815301076,1909f56bfc062723c751e8b465ee728b)  -> (artifact id: '31110a5e41213ba78be4645bd5bab083') in 0.010681 seconds
  Import took 0.013372 seconds .

========================================================================
Received Import Request.
  Time since last request: 12.444131 seconds.
  path: Assets/Scripts/Commands
  artifactKey: Guid(9a3f8e2757d3e2245a03fee63405112f) Importer(815301076,1909f56bfc062723c751e8b465ee728b)
Start importing Assets/Scripts/Commands using Guid(9a3f8e2757d3e2245a03fee63405112f) Importer(815301076,1909f56bfc062723c751e8b465ee728b)  -> (artifact id: '9d9589c07c9aca49885e938b6545fa4f') in 0.011126 seconds
  Import took 0.013769 seconds .

========================================================================
Received Import Request.
  Time since last request: 10.649434 seconds.
  path: Assets/Scripts/Components
  artifactKey: Guid(b5e53221831c2bf4a9d2141ca5f50447) Importer(815301076,1909f56bfc062723c751e8b465ee728b)
Start importing Assets/Scripts/Components using Guid(b5e53221831c2bf4a9d2141ca5f50447) Importer(815301076,1909f56bfc062723c751e8b465ee728b)  -> (artifact id: '81145db27b04a31d04d8f9163182c3de') in 0.010162 seconds
  Import took 0.013462 seconds .

========================================================================
Received Import Request.
  Time since last request: 6.164950 seconds.
  path: Assets/Scripts/New Folder
  artifactKey: Guid(a7ce0797f2ede7a40b9814d50cc84e02) Importer(815301076,1909f56bfc062723c751e8b465ee728b)
Start importing Assets/Scripts/New Folder using Guid(a7ce0797f2ede7a40b9814d50cc84e02) Importer(815301076,1909f56bfc062723c751e8b465ee728b)  -> (artifact id: '92bd2b5d08c27f34903dd4604eae3156') in 0.016935 seconds
  Import took 0.020831 seconds .

========================================================================
Received Import Request.
  Time since last request: 0.076073 seconds.
  path: Assets/Scripts/New Folder
  artifactKey: Guid(a7ce0797f2ede7a40b9814d50cc84e02) Importer(815301076,1909f56bfc062723c751e8b465ee728b)
Start importing Assets/Scripts/New Folder using Guid(a7ce0797f2ede7a40b9814d50cc84e02) Importer(815301076,1909f56bfc062723c751e8b465ee728b)  -> (artifact id: '92bd2b5d08c27f34903dd4604eae3156') in 0.006180 seconds
  Import took 0.009954 seconds .

========================================================================
Received Import Request.
  Time since last request: 4.618109 seconds.
  path: Assets/Scripts/Infrastructure
  artifactKey: Guid(a7ce0797f2ede7a40b9814d50cc84e02) Importer(815301076,1909f56bfc062723c751e8b465ee728b)
Start importing Assets/Scripts/Infrastructure using Guid(a7ce0797f2ede7a40b9814d50cc84e02) Importer(815301076,1909f56bfc062723c751e8b465ee728b)  -> (artifact id: 'aa138a6d8d87da0a0837c3f245502a4a') in 0.011076 seconds
  Import took 0.013662 seconds .

========================================================================
Received Import Request.
  Time since last request: 5.611658 seconds.
  path: Assets/Scripts/New Folder
  artifactKey: Guid(ec598c73328739844852f5d2315c72a9) Importer(815301076,1909f56bfc062723c751e8b465ee728b)
Start importing Assets/Scripts/New Folder using Guid(ec598c73328739844852f5d2315c72a9) Importer(815301076,1909f56bfc062723c751e8b465ee728b)  -> (artifact id: 'b9e1f93dfaf2f72c59e125d5caa6a56d') in 0.015087 seconds
  Import took 0.020367 seconds .

========================================================================
Received Import Request.
  Time since last request: 2.600579 seconds.
  path: Assets/Scripts/ViewModel
  artifactKey: Guid(ec598c73328739844852f5d2315c72a9) Importer(815301076,1909f56bfc062723c751e8b465ee728b)
Start importing Assets/Scripts/ViewModel using Guid(ec598c73328739844852f5d2315c72a9) Importer(815301076,1909f56bfc062723c751e8b465ee728b)  -> (artifact id: '43d7e4c62adcab09192bd87648087a6e') in 0.010799 seconds
  Import took 0.013525 seconds .

========================================================================
Received Prepare
Registering precompiled user dll's ...
Registered in 0.001068 seconds.
Begin MonoManager ReloadAssembly
Native extension for WindowsStandalone target not found
Native extension for WebGL target not found
Refreshing native plugins compatible for Editor in 0.26 ms, found 0 plugins.
Preloading 0 native plugins for Editor in 0.00 ms.
Mono: successfully reloaded assembly
- Completed reload, in  1.380 seconds
Platform modules already initialized, skipping
Refreshing native plugins compatible for Editor in 0.32 ms, found 0 plugins.
Preloading 0 native plugins for Editor in 0.00 ms.
Unloading 1110 Unused Serialized files (Serialized files now loaded: 0)
System memory in use before: 57.4 MB.
System memory in use after: 57.5 MB.

Unloading 5 unused Assets to reduce memory usage. Loaded Objects now: 1560.
Total: 2.834800 ms (FindLiveObjects: 0.188300 ms CreateObjectMapping: 0.075900 ms MarkObjects: 2.489700 ms  DeleteObjects: 0.078000 ms)

========================================================================
Received Prepare
Registering precompiled user dll's ...
Registered in 0.001078 seconds.
Begin MonoManager ReloadAssembly
Native extension for WindowsStandalone target not found
Native extension for WebGL target not found
Refreshing native plugins compatible for Editor in 0.29 ms, found 0 plugins.
Preloading 0 native plugins for Editor in 0.00 ms.
Mono: successfully reloaded assembly
- Completed reload, in  1.452 seconds
Platform modules already initialized, skipping
Refreshing native plugins compatible for Editor in 0.26 ms, found 0 plugins.
Preloading 0 native plugins for Editor in 0.00 ms.
Unloading 1110 Unused Serialized files (Serialized files now loaded: 0)
System memory in use before: 57.5 MB.
System memory in use after: 57.5 MB.

Unloading 5 unused Assets to reduce memory usage. Loaded Objects now: 1563.
Total: 2.353600 ms (FindLiveObjects: 0.169700 ms CreateObjectMapping: 0.046700 ms MarkObjects: 2.062600 ms  DeleteObjects: 0.072400 ms)

========================================================================
Received Prepare
Registering precompiled user dll's ...
Registered in 0.001093 seconds.
Begin MonoManager ReloadAssembly
Native extension for WindowsStandalone target not found
Native extension for WebGL target not found
Refreshing native plugins compatible for Editor in 0.29 ms, found 0 plugins.
Preloading 0 native plugins for Editor in 0.00 ms.
Mono: successfully reloaded assembly
- Completed reload, in  1.412 seconds
Platform modules already initialized, skipping
Refreshing native plugins compatible for Editor in 0.26 ms, found 0 plugins.
Preloading 0 native plugins for Editor in 0.00 ms.
Unloading 1114 Unused Serialized files (Serialized files now loaded: 0)
System memory in use before: 57.6 MB.
System memory in use after: 57.7 MB.

Unloading 5 unused Assets to reduce memory usage. Loaded Objects now: 1570.
Total: 2.650700 ms (FindLiveObjects: 0.222300 ms CreateObjectMapping: 0.049200 ms MarkObjects: 2.300900 ms  DeleteObjects: 0.075900 ms)

========================================================================
Received Import Request.
  Time since last request: 1784.683110 seconds.
  path: Assets/Scripts/Components/PokemonInputRandom.cs
  artifactKey: Guid(f6f99e0df0e67a044b543d82a525d9c0) Importer(815301076,1909f56bfc062723c751e8b465ee728b)
Start importing Assets/Scripts/Components/PokemonInputRandom.cs using Guid(f6f99e0df0e67a044b543d82a525d9c0) Importer(815301076,1909f56bfc062723c751e8b465ee728b)  -> (artifact id: 'c4ec5f28c7bd2876cf5b73e340b33ba4') in 0.067927 seconds
  Import took 0.071802 seconds .

========================================================================
Received Prepare
Registering precompiled user dll's ...
Registered in 0.001084 seconds.
Begin MonoManager ReloadAssembly
Native extension for WindowsStandalone target not found
Native extension for WebGL target not found
Refreshing native plugins compatible for Editor in 0.29 ms, found 0 plugins.
Preloading 0 native plugins for Editor in 0.00 ms.
Mono: successfully reloaded assembly
- Completed reload, in  1.525 seconds
Platform modules already initialized, skipping
Refreshing native plugins compatible for Editor in 0.36 ms, found 0 plugins.
Preloading 0 native plugins for Editor in 0.00 ms.
Unloading 1128 Unused Serialized files (Serialized files now loaded: 0)
System memory in use before: 59.7 MB.
System memory in use after: 59.1 MB.

Unloading 18 unused Assets to reduce memory usage. Loaded Objects now: 1574.
Total: 4.385800 ms (FindLiveObjects: 0.285100 ms CreateObjectMapping: 0.092800 ms MarkObjects: 3.295400 ms  DeleteObjects: 0.710300 ms)

========================================================================
Received Import Request.
  Time since last request: 82.428866 seconds.
  path: Assets/Scripts/Commands/CharacterCmdFactory.cs
  artifactKey: Guid(63d07aa67e978af4fa0ad175e1e77081) Importer(815301076,1909f56bfc062723c751e8b465ee728b)
Start importing Assets/Scripts/Commands/CharacterCmdFactory.cs using Guid(63d07aa67e978af4fa0ad175e1e77081) Importer(815301076,1909f56bfc062723c751e8b465ee728b)  -> (artifact id: '742861ce3dacb44b53f1774ee2253544') in 0.015304 seconds
  Import took 0.019170 seconds .

========================================================================
Received Prepare
Registering precompiled user dll's ...
Registered in 0.001112 seconds.
Begin MonoManager ReloadAssembly
Native extension for WindowsStandalone target not found
Native extension for WebGL target not found
Refreshing native plugins compatible for Editor in 0.27 ms, found 0 plugins.
Preloading 0 native plugins for Editor in 0.00 ms.
Mono: successfully reloaded assembly
- Completed reload, in  1.240 seconds
Platform modules already initialized, skipping
Refreshing native plugins compatible for Editor in 0.26 ms, found 0 plugins.
Preloading 0 native plugins for Editor in 0.00 ms.
Unloading 1129 Unused Serialized files (Serialized files now loaded: 0)
System memory in use before: 59.7 MB.
System memory in use after: 59.1 MB.

Unloading 18 unused Assets to reduce memory usage. Loaded Objects now: 1578.
Total: 2.977200 ms (FindLiveObjects: 0.265200 ms CreateObjectMapping: 0.101200 ms MarkObjects: 2.126600 ms  DeleteObjects: 0.482200 ms)

========================================================================
Received Import Request.
  Time since last request: 82.611682 seconds.
  path: Assets/Scripts/Commands/PokemonCmdFactory.cs
  artifactKey: Guid(63d07aa67e978af4fa0ad175e1e77081) Importer(815301076,1909f56bfc062723c751e8b465ee728b)
Start importing Assets/Scripts/Commands/PokemonCmdFactory.cs using Guid(63d07aa67e978af4fa0ad175e1e77081) Importer(815301076,1909f56bfc062723c751e8b465ee728b)  -> (artifact id: 'ebf4558a50bd2bd99b90a34145203f6e') in 0.020058 seconds
  Import took 0.024449 seconds .

========================================================================
Received Prepare
Registering precompiled user dll's ...
Registered in 0.001120 seconds.
Begin MonoManager ReloadAssembly
Native extension for WindowsStandalone target not found
Native extension for WebGL target not found
Refreshing native plugins compatible for Editor in 0.27 ms, found 0 plugins.
Preloading 0 native plugins for Editor in 0.00 ms.
Mono: successfully reloaded assembly
- Completed reload, in  1.623 seconds
Platform modules already initialized, skipping
Refreshing native plugins compatible for Editor in 0.26 ms, found 0 plugins.
Preloading 0 native plugins for Editor in 0.00 ms.
Unloading 1129 Unused Serialized files (Serialized files now loaded: 0)
System memory in use before: 59.7 MB.
System memory in use after: 59.1 MB.

Unloading 18 unused Assets to reduce memory usage. Loaded Objects now: 1581.
Total: 3.009700 ms (FindLiveObjects: 0.186700 ms CreateObjectMapping: 0.092300 ms MarkObjects: 2.234800 ms  DeleteObjects: 0.493900 ms)

========================================================================
Received Prepare
Registering precompiled user dll's ...
Registered in 0.001174 seconds.
Begin MonoManager ReloadAssembly
Native extension for WindowsStandalone target not found
Native extension for WebGL target not found
Refreshing native plugins compatible for Editor in 0.28 ms, found 0 plugins.
Preloading 0 native plugins for Editor in 0.00 ms.
Mono: successfully reloaded assembly
- Completed reload, in  1.283 seconds
Platform modules already initialized, skipping
Refreshing native plugins compatible for Editor in 0.26 ms, found 0 plugins.
Preloading 0 native plugins for Editor in 0.00 ms.
Unloading 1129 Unused Serialized files (Serialized files now loaded: 0)
System memory in use before: 59.7 MB.
System memory in use after: 59.1 MB.

Unloading 18 unused Assets to reduce memory usage. Loaded Objects now: 1584.
Total: 4.089000 ms (FindLiveObjects: 0.502900 ms CreateObjectMapping: 0.124500 ms MarkObjects: 2.935300 ms  DeleteObjects: 0.523500 ms)

========================================================================
Received Import Request.
  Time since last request: 90.933302 seconds.
  path: Assets/Scripts/Commands/PokemonCmdFactory.cs
  artifactKey: Guid(63d07aa67e978af4fa0ad175e1e77081) Importer(815301076,1909f56bfc062723c751e8b465ee728b)
Start importing Assets/Scripts/Commands/PokemonCmdFactory.cs using Guid(63d07aa67e978af4fa0ad175e1e77081) Importer(815301076,1909f56bfc062723c751e8b465ee728b)  -> (artifact id: 'f0b044cae2ec77ae08bb44087bbc14c6') in 0.011019 seconds
  Import took 0.013927 seconds .

========================================================================
Received Prepare
Registering precompiled user dll's ...
Registered in 0.001117 seconds.
Begin MonoManager ReloadAssembly
Native extension for WindowsStandalone target not found
Native extension for WebGL target not found
Refreshing native plugins compatible for Editor in 0.27 ms, found 0 plugins.
Preloading 0 native plugins for Editor in 0.00 ms.
Mono: successfully reloaded assembly
- Completed reload, in  1.334 seconds
Platform modules already initialized, skipping
Refreshing native plugins compatible for Editor in 0.36 ms, found 0 plugins.
Preloading 0 native plugins for Editor in 0.00 ms.
Unloading 1130 Unused Serialized files (Serialized files now loaded: 0)
System memory in use before: 59.7 MB.
System memory in use after: 59.1 MB.

Unloading 18 unused Assets to reduce memory usage. Loaded Objects now: 1588.
Total: 2.994800 ms (FindLiveObjects: 0.250000 ms CreateObjectMapping: 0.093400 ms MarkObjects: 2.166300 ms  DeleteObjects: 0.483000 ms)

========================================================================
Received Import Request.
  Time since last request: 11.977311 seconds.
  path: Assets/Data/NewBehaviourScript.cs
  artifactKey: Guid(bbf9626583e232544a7fe89f2a4bcf8c) Importer(815301076,1909f56bfc062723c751e8b465ee728b)
Start importing Assets/Data/NewBehaviourScript.cs using Guid(bbf9626583e232544a7fe89f2a4bcf8c) Importer(815301076,1909f56bfc062723c751e8b465ee728b)  -> (artifact id: '723f385d2311c691b2d07571d0cda133') in 0.020239 seconds
  Import took 0.024979 seconds .

========================================================================
Received Prepare
Registering precompiled user dll's ...
Registered in 0.001112 seconds.
Begin MonoManager ReloadAssembly
Native extension for WindowsStandalone target not found
Native extension for WebGL target not found
Refreshing native plugins compatible for Editor in 0.30 ms, found 0 plugins.
Preloading 0 native plugins for Editor in 0.00 ms.
Mono: successfully reloaded assembly
- Completed reload, in  1.272 seconds
Platform modules already initialized, skipping
Refreshing native plugins compatible for Editor in 0.26 ms, found 0 plugins.
Preloading 0 native plugins for Editor in 0.00 ms.
Unloading 1129 Unused Serialized files (Serialized files now loaded: 0)
System memory in use before: 59.7 MB.
System memory in use after: 59.1 MB.

Unloading 19 unused Assets to reduce memory usage. Loaded Objects now: 1590.
Total: 3.224400 ms (FindLiveObjects: 0.232100 ms CreateObjectMapping: 0.118700 ms MarkObjects: 2.360400 ms  DeleteObjects: 0.510900 ms)

========================================================================
Received Import Request.
  Time since last request: 17.138665 seconds.
  path: Assets/Data/Pokemon Command Factory.asset
  artifactKey: Guid(3493132245ce3e44582e61c784b12653) Importer(815301076,1909f56bfc062723c751e8b465ee728b)
Start importing Assets/Data/Pokemon Command Factory.asset using Guid(3493132245ce3e44582e61c784b12653) Importer(815301076,1909f56bfc062723c751e8b465ee728b)  -> (artifact id: 'a031a1f86786649cdaed26624b8a1960') in 0.034414 seconds
  Import took 0.037796 seconds .

========================================================================
Received Import Request.
  Time since last request: 0.012735 seconds.
  path: Assets/Data/Pokemon Command Factory.asset
  artifactKey: Guid(3493132245ce3e44582e61c784b12653) Importer(815301076,1909f56bfc062723c751e8b465ee728b)
Start importing Assets/Data/Pokemon Command Factory.asset using Guid(3493132245ce3e44582e61c784b12653) Importer(815301076,1909f56bfc062723c751e8b465ee728b)  -> (artifact id: 'a031a1f86786649cdaed26624b8a1960') in 0.006282 seconds
  Import took 0.009427 seconds .

========================================================================
Received Import Request.
  Time since last request: 127.980421 seconds.
  path: Assets/Scripts/ViewModel/PokemonData.cs
  artifactKey: Guid(bffb2649c1e2a8d4bb06835035a312c3) Importer(815301076,1909f56bfc062723c751e8b465ee728b)
Start importing Assets/Scripts/ViewModel/PokemonData.cs using Guid(bffb2649c1e2a8d4bb06835035a312c3) Importer(815301076,1909f56bfc062723c751e8b465ee728b)  -> (artifact id: 'a730538d00f3baa4eee01535732f9e7a') in 0.016579 seconds
  Import took 0.020667 seconds .

========================================================================
Received Prepare
Registering precompiled user dll's ...
Registered in 0.001489 seconds.
Begin MonoManager ReloadAssembly
Native extension for WindowsStandalone target not found
Native extension for WebGL target not found
Refreshing native plugins compatible for Editor in 0.28 ms, found 0 plugins.
Preloading 0 native plugins for Editor in 0.00 ms.
Mono: successfully reloaded assembly
- Completed reload, in  1.427 seconds
Platform modules already initialized, skipping
Refreshing native plugins compatible for Editor in 0.35 ms, found 0 plugins.
Preloading 0 native plugins for Editor in 0.00 ms.
Unloading 1130 Unused Serialized files (Serialized files now loaded: 0)
System memory in use before: 59.7 MB.
System memory in use after: 59.2 MB.

Unloading 18 unused Assets to reduce memory usage. Loaded Objects now: 1594.
Total: 2.965400 ms (FindLiveObjects: 0.255300 ms CreateObjectMapping: 0.224300 ms MarkObjects: 2.007100 ms  DeleteObjects: 0.476100 ms)

========================================================================
Received Import Request.
  Time since last request: 646.993027 seconds.
  path: Assets/Plugins/UniRx
  artifactKey: Guid(6475ba05c5da66b49ac5f4fcdc1d70d4) Importer(815301076,1909f56bfc062723c751e8b465ee728b)
Start importing Assets/Plugins/UniRx using Guid(6475ba05c5da66b49ac5f4fcdc1d70d4) Importer(815301076,1909f56bfc062723c751e8b465ee728b)  -> (artifact id: 'c2f70a841232516e8b407615a3745591') in 0.034663 seconds
  Import took 0.040379 seconds .

========================================================================
Received Prepare
Registering precompiled user dll's ...
Registered in 0.001134 seconds.
Begin MonoManager ReloadAssembly
Native extension for WindowsStandalone target not found
Native extension for WebGL target not found
Refreshing native plugins compatible for Editor in 0.38 ms, found 0 plugins.
Preloading 0 native plugins for Editor in 0.00 ms.
Mono: successfully reloaded assembly
- Completed reload, in  1.337 seconds
Platform modules already initialized, skipping
Refreshing native plugins compatible for Editor in 0.29 ms, found 0 plugins.
Preloading 0 native plugins for Editor in 0.00 ms.
Unloading 1370 Unused Serialized files (Serialized files now loaded: 0)
System memory in use before: 66.4 MB.
System memory in use after: 65.8 MB.

Unloading 18 unused Assets to reduce memory usage. Loaded Objects now: 1837.
Total: 3.140700 ms (FindLiveObjects: 0.309900 ms CreateObjectMapping: 0.232300 ms MarkObjects: 2.125600 ms  DeleteObjects: 0.470200 ms)

========================================================================
Received Import Request.
  Time since last request: 244.360516 seconds.
  path: Assets/Scripts/Infrastructure/IRandomPokemonGateway.cs
  artifactKey: Guid(2f1e401c44f2b8148a2e3db97fc2b217) Importer(815301076,1909f56bfc062723c751e8b465ee728b)
Start importing Assets/Scripts/Infrastructure/IRandomPokemonGateway.cs using Guid(2f1e401c44f2b8148a2e3db97fc2b217) Importer(815301076,1909f56bfc062723c751e8b465ee728b)  -> (artifact id: 'b6743bcecc17c108af6faf36d1516bd4') in 0.016908 seconds
  Import took 0.021015 seconds .

========================================================================
Received Prepare
Registering precompiled user dll's ...
Registered in 0.001143 seconds.
Begin MonoManager ReloadAssembly
Native extension for WindowsStandalone target not found
Native extension for WebGL target not found
Refreshing native plugins compatible for Editor in 0.32 ms, found 0 plugins.
Preloading 0 native plugins for Editor in 0.00 ms.
Mono: successfully reloaded assembly
- Completed reload, in  1.282 seconds
Platform modules already initialized, skipping
Refreshing native plugins compatible for Editor in 0.32 ms, found 0 plugins.
Preloading 0 native plugins for Editor in 0.00 ms.
Unloading 1371 Unused Serialized files (Serialized files now loaded: 0)
System memory in use before: 66.4 MB.
System memory in use after: 65.8 MB.

Unloading 18 unused Assets to reduce memory usage. Loaded Objects now: 1841.
Total: 3.326900 ms (FindLiveObjects: 0.296900 ms CreateObjectMapping: 0.140300 ms MarkObjects: 2.394400 ms  DeleteObjects: 0.493100 ms)

========================================================================
Received Import Request.
  Time since last request: 20.494798 seconds.
  path: Assets/Scripts/Infrastructure/RandomPokemonGateway.cs
  artifactKey: Guid(3c67b7dc141c5a547a7cd03ccd341b14) Importer(815301076,1909f56bfc062723c751e8b465ee728b)
Start importing Assets/Scripts/Infrastructure/RandomPokemonGateway.cs using Guid(3c67b7dc141c5a547a7cd03ccd341b14) Importer(815301076,1909f56bfc062723c751e8b465ee728b)  -> (artifact id: '96e0a3512d8ede57475903eb321ae572') in 0.016872 seconds
  Import took 0.021516 seconds .

========================================================================
Received Prepare
Registering precompiled user dll's ...
Registered in 0.001322 seconds.
Begin MonoManager ReloadAssembly
Native extension for WindowsStandalone target not found
Native extension for WebGL target not found
Refreshing native plugins compatible for Editor in 0.32 ms, found 0 plugins.
Preloading 0 native plugins for Editor in 0.00 ms.
Mono: successfully reloaded assembly
- Completed reload, in  1.325 seconds
Platform modules already initialized, skipping
Refreshing native plugins compatible for Editor in 0.30 ms, found 0 plugins.
Preloading 0 native plugins for Editor in 0.00 ms.
Unloading 1372 Unused Serialized files (Serialized files now loaded: 0)
System memory in use before: 66.4 MB.
System memory in use after: 65.9 MB.

Unloading 18 unused Assets to reduce memory usage. Loaded Objects now: 1845.
Total: 3.225000 ms (FindLiveObjects: 0.222100 ms CreateObjectMapping: 0.121500 ms MarkObjects: 2.393200 ms  DeleteObjects: 0.485700 ms)

========================================================================
Received Prepare
Registering precompiled user dll's ...
Registered in 0.001180 seconds.
Begin MonoManager ReloadAssembly
Native extension for WindowsStandalone target not found
Native extension for WebGL target not found
Refreshing native plugins compatible for Editor in 0.33 ms, found 0 plugins.
Preloading 0 native plugins for Editor in 0.00 ms.
Mono: successfully reloaded assembly
- Completed reload, in  1.492 seconds
Platform modules already initialized, skipping
Refreshing native plugins compatible for Editor in 0.36 ms, found 0 plugins.
Preloading 0 native plugins for Editor in 0.00 ms.
Unloading 1372 Unused Serialized files (Serialized files now loaded: 0)
System memory in use before: 66.4 MB.
System memory in use after: 65.9 MB.

Unloading 18 unused Assets to reduce memory usage. Loaded Objects now: 1848.
Total: 2.871800 ms (FindLiveObjects: 0.213100 ms CreateObjectMapping: 0.098700 ms MarkObjects: 2.025800 ms  DeleteObjects: 0.531600 ms)

========================================================================
Received Prepare
Registering precompiled user dll's ...
Registered in 0.001179 seconds.
Begin MonoManager ReloadAssembly
Native extension for WindowsStandalone target not found
Native extension for WebGL target not found
Refreshing native plugins compatible for Editor in 0.39 ms, found 0 plugins.
Preloading 0 native plugins for Editor in 0.00 ms.
Mono: successfully reloaded assembly
- Completed reload, in  1.416 seconds
Platform modules already initialized, skipping
Refreshing native plugins compatible for Editor in 0.30 ms, found 0 plugins.
Preloading 0 native plugins for Editor in 0.00 ms.
Unloading 1372 Unused Serialized files (Serialized files now loaded: 0)
System memory in use before: 66.4 MB.
System memory in use after: 65.9 MB.

Unloading 18 unused Assets to reduce memory usage. Loaded Objects now: 1851.
Total: 2.888500 ms (FindLiveObjects: 0.234300 ms CreateObjectMapping: 0.102300 ms MarkObjects: 2.051400 ms  DeleteObjects: 0.498200 ms)

========================================================================
Received Prepare
Registering precompiled user dll's ...
Registered in 0.001635 seconds.
Begin MonoManager ReloadAssembly
Native extension for WindowsStandalone target not found
Native extension for WebGL target not found
Refreshing native plugins compatible for Editor in 0.31 ms, found 0 plugins.
Preloading 0 native plugins for Editor in 0.00 ms.
Mono: successfully reloaded assembly
- Completed reload, in  1.368 seconds
Platform modules already initialized, skipping
Refreshing native plugins compatible for Editor in 0.31 ms, found 0 plugins.
Preloading 0 native plugins for Editor in 0.00 ms.
Unloading 1372 Unused Serialized files (Serialized files now loaded: 0)
System memory in use before: 66.4 MB.
System memory in use after: 65.9 MB.

Unloading 18 unused Assets to reduce memory usage. Loaded Objects now: 1854.
Total: 3.431400 ms (FindLiveObjects: 0.497300 ms CreateObjectMapping: 0.201600 ms MarkObjects: 2.196700 ms  DeleteObjects: 0.532300 ms)

========================================================================
Received Import Request.
  Time since last request: 846.168714 seconds.
  path: Assets/Data/PokemonData.asset
  artifactKey: Guid(bf1c08ab0d840994daff1846eb822ef4) Importer(815301076,1909f56bfc062723c751e8b465ee728b)
Start importing Assets/Data/PokemonData.asset using Guid(bf1c08ab0d840994daff1846eb822ef4) Importer(815301076,1909f56bfc062723c751e8b465ee728b)  -> (artifact id: 'a0bf94baaf366824451947f5751febb1') in 0.028195 seconds
  Import took 0.031725 seconds .

========================================================================
Received Import Request.
  Time since last request: 0.015492 seconds.
  path: Assets/Data/PokemonData.asset
  artifactKey: Guid(bf1c08ab0d840994daff1846eb822ef4) Importer(815301076,1909f56bfc062723c751e8b465ee728b)
Start importing Assets/Data/PokemonData.asset using Guid(bf1c08ab0d840994daff1846eb822ef4) Importer(815301076,1909f56bfc062723c751e8b465ee728b)  -> (artifact id: 'a0bf94baaf366824451947f5751febb1') in 0.005999 seconds
  Import took 0.009976 seconds .

========================================================================
Received Import Request.
  Time since last request: 129.944543 seconds.
  path: Assets/Scripts/Components/PokemonPerfomData.cs
  artifactKey: Guid(15519ae62597382429de61ebccf2d961) Importer(815301076,1909f56bfc062723c751e8b465ee728b)
Start importing Assets/Scripts/Components/PokemonPerfomData.cs using Guid(15519ae62597382429de61ebccf2d961) Importer(815301076,1909f56bfc062723c751e8b465ee728b)  -> (artifact id: 'ac29bdf0836ee97c42fde6ea3f2f2cf0') in 0.017948 seconds
  Import took 0.022928 seconds .

========================================================================
Received Import Request.
  Time since last request: 0.039184 seconds.
  path: Assets/Scripts/Components/PokemonPerfomData.cs
  artifactKey: Guid(15519ae62597382429de61ebccf2d961) Importer(815301076,1909f56bfc062723c751e8b465ee728b)
Start importing Assets/Scripts/Components/PokemonPerfomData.cs using Guid(15519ae62597382429de61ebccf2d961) Importer(815301076,1909f56bfc062723c751e8b465ee728b)  -> (artifact id: 'ac29bdf0836ee97c42fde6ea3f2f2cf0') in 0.006193 seconds
  Import took 0.010687 seconds .

========================================================================
Received Prepare
Registering precompiled user dll's ...
Registered in 0.001171 seconds.
Begin MonoManager ReloadAssembly
Native extension for WindowsStandalone target not found
Native extension for WebGL target not found
Refreshing native plugins compatible for Editor in 0.32 ms, found 0 plugins.
Preloading 0 native plugins for Editor in 0.00 ms.
Mono: successfully reloaded assembly
- Completed reload, in  1.311 seconds
Platform modules already initialized, skipping
Refreshing native plugins compatible for Editor in 0.30 ms, found 0 plugins.
Preloading 0 native plugins for Editor in 0.00 ms.
Unloading 1373 Unused Serialized files (Serialized files now loaded: 0)
System memory in use before: 66.5 MB.
System memory in use after: 65.9 MB.

Unloading 18 unused Assets to reduce memory usage. Loaded Objects now: 1858.
Total: 3.099300 ms (FindLiveObjects: 0.235000 ms CreateObjectMapping: 0.113100 ms MarkObjects: 2.234400 ms  DeleteObjects: 0.514400 ms)

========================================================================
Received Prepare
Registering precompiled user dll's ...
Registered in 0.001239 seconds.
Begin MonoManager ReloadAssembly
Native extension for WindowsStandalone target not found
Native extension for WebGL target not found
Refreshing native plugins compatible for Editor in 0.41 ms, found 0 plugins.
Preloading 0 native plugins for Editor in 0.00 ms.
Mono: successfully reloaded assembly
- Completed reload, in  1.317 seconds
Platform modules already initialized, skipping
Refreshing native plugins compatible for Editor in 0.31 ms, found 0 plugins.
Preloading 0 native plugins for Editor in 0.00 ms.
Unloading 1372 Unused Serialized files (Serialized files now loaded: 0)
System memory in use before: 66.5 MB.
System memory in use after: 65.9 MB.

Unloading 19 unused Assets to reduce memory usage. Loaded Objects now: 1860.
Total: 3.035900 ms (FindLiveObjects: 0.271800 ms CreateObjectMapping: 0.105300 ms MarkObjects: 2.159000 ms  DeleteObjects: 0.497700 ms)

========================================================================
Received Import Request.
  Time since last request: 24.561846 seconds.
  path: Assets/Scripts/Components/PokemonRandomCmd.cs
  artifactKey: Guid(dbcc2445ba1567f49b997d48007434aa) Importer(815301076,1909f56bfc062723c751e8b465ee728b)
Start importing Assets/Scripts/Components/PokemonRandomCmd.cs using Guid(dbcc2445ba1567f49b997d48007434aa) Importer(815301076,1909f56bfc062723c751e8b465ee728b)  -> (artifact id: '4847ed4ca02ef6685acad426b668cb52') in 0.023443 seconds
  Import took 0.028659 seconds .

========================================================================
Received Prepare
Registering precompiled user dll's ...
Registered in 0.001209 seconds.
Begin MonoManager ReloadAssembly
Native extension for WindowsStandalone target not found
Native extension for WebGL target not found
Refreshing native plugins compatible for Editor in 0.34 ms, found 0 plugins.
Preloading 0 native plugins for Editor in 0.00 ms.
Mono: successfully reloaded assembly
- Completed reload, in  1.346 seconds
Platform modules already initialized, skipping
Refreshing native plugins compatible for Editor in 0.29 ms, found 0 plugins.
Preloading 0 native plugins for Editor in 0.00 ms.
Unloading 1373 Unused Serialized files (Serialized files now loaded: 0)
System memory in use before: 66.5 MB.
System memory in use after: 65.9 MB.

Unloading 18 unused Assets to reduce memory usage. Loaded Objects now: 1864.
Total: 3.250400 ms (FindLiveObjects: 0.353400 ms CreateObjectMapping: 0.224700 ms MarkObjects: 2.175000 ms  DeleteObjects: 0.495200 ms)

========================================================================
Received Prepare
Registering precompiled user dll's ...
Registered in 0.001620 seconds.
Begin MonoManager ReloadAssembly
Native extension for WindowsStandalone target not found
Native extension for WebGL target not found
Refreshing native plugins compatible for Editor in 0.59 ms, found 0 plugins.
Preloading 0 native plugins for Editor in 0.00 ms.
Mono: successfully reloaded assembly
- Completed reload, in  1.582 seconds
Platform modules already initialized, skipping
Refreshing native plugins compatible for Editor in 0.33 ms, found 0 plugins.
Preloading 0 native plugins for Editor in 0.00 ms.
Unloading 1373 Unused Serialized files (Serialized files now loaded: 0)
System memory in use before: 66.5 MB.
System memory in use after: 65.9 MB.

Unloading 18 unused Assets to reduce memory usage. Loaded Objects now: 1867.
Total: 3.686900 ms (FindLiveObjects: 0.352600 ms CreateObjectMapping: 0.348400 ms MarkObjects: 2.479700 ms  DeleteObjects: 0.504000 ms)

========================================================================
Received Import Request.
  Time since last request: 87.334259 seconds.
  path: Assets/Scripts/Commands/ICommand.cs
  artifactKey: Guid(cb594e6198d4b094faf88fb3a98c855c) Importer(815301076,1909f56bfc062723c751e8b465ee728b)
Start importing Assets/Scripts/Commands/ICommand.cs using Guid(cb594e6198d4b094faf88fb3a98c855c) Importer(815301076,1909f56bfc062723c751e8b465ee728b)  -> (artifact id: '2dcdf513a956154afa315de5acba8a9b') in 0.018730 seconds
  Import took 0.024961 seconds .

========================================================================
Received Prepare
Registering precompiled user dll's ...
Registered in 0.001121 seconds.
Begin MonoManager ReloadAssembly
Native extension for WindowsStandalone target not found
Native extension for WebGL target not found
Refreshing native plugins compatible for Editor in 0.33 ms, found 0 plugins.
Preloading 0 native plugins for Editor in 0.00 ms.
Mono: successfully reloaded assembly
- Completed reload, in  1.299 seconds
Platform modules already initialized, skipping
Refreshing native plugins compatible for Editor in 0.31 ms, found 0 plugins.
Preloading 0 native plugins for Editor in 0.00 ms.
Unloading 1374 Unused Serialized files (Serialized files now loaded: 0)
System memory in use before: 66.5 MB.
System memory in use after: 65.9 MB.

Unloading 18 unused Assets to reduce memory usage. Loaded Objects now: 1871.
Total: 3.708600 ms (FindLiveObjects: 0.452500 ms CreateObjectMapping: 0.296000 ms MarkObjects: 2.288800 ms  DeleteObjects: 0.668400 ms)

========================================================================
Received Prepare
Registering precompiled user dll's ...
Registered in 0.001357 seconds.
Begin MonoManager ReloadAssembly
Native extension for WindowsStandalone target not found
Native extension for WebGL target not found
Refreshing native plugins compatible for Editor in 0.31 ms, found 0 plugins.
Preloading 0 native plugins for Editor in 0.00 ms.
Mono: successfully reloaded assembly
- Completed reload, in  1.381 seconds
Platform modules already initialized, skipping
Refreshing native plugins compatible for Editor in 0.51 ms, found 0 plugins.
Preloading 0 native plugins for Editor in 0.00 ms.
Unloading 1374 Unused Serialized files (Serialized files now loaded: 0)
System memory in use before: 66.5 MB.
System memory in use after: 66.0 MB.

Unloading 18 unused Assets to reduce memory usage. Loaded Objects now: 1874.
Total: 2.923400 ms (FindLiveObjects: 0.241300 ms CreateObjectMapping: 0.112800 ms MarkObjects: 2.060200 ms  DeleteObjects: 0.506000 ms)

========================================================================
Received Import Request.
  Time since last request: 166.082598 seconds.
  path: Assets/Scripts/Commands/ICommand.cs
  artifactKey: Guid(cb594e6198d4b094faf88fb3a98c855c) Importer(815301076,1909f56bfc062723c751e8b465ee728b)
Start importing Assets/Scripts/Commands/ICommand.cs using Guid(cb594e6198d4b094faf88fb3a98c855c) Importer(815301076,1909f56bfc062723c751e8b465ee728b)  -> (artifact id: '31fc79737c374090ff62aba6e46a6804') in 0.011583 seconds
  Import took 0.014719 seconds .

========================================================================
Received Prepare
Registering precompiled user dll's ...
Registered in 0.001193 seconds.
Begin MonoManager ReloadAssembly
Native extension for WindowsStandalone target not found
Native extension for WebGL target not found
Refreshing native plugins compatible for Editor in 0.31 ms, found 0 plugins.
Preloading 0 native plugins for Editor in 0.00 ms.
Mono: successfully reloaded assembly
- Completed reload, in  1.279 seconds
Platform modules already initialized, skipping
Refreshing native plugins compatible for Editor in 0.30 ms, found 0 plugins.
Preloading 0 native plugins for Editor in 0.00 ms.
Unloading 1374 Unused Serialized files (Serialized files now loaded: 0)
System memory in use before: 66.5 MB.
System memory in use after: 66.0 MB.

Unloading 18 unused Assets to reduce memory usage. Loaded Objects now: 1877.
Total: 3.421100 ms (FindLiveObjects: 0.359100 ms CreateObjectMapping: 0.154200 ms MarkObjects: 2.341800 ms  DeleteObjects: 0.563100 ms)

========================================================================
Received Prepare
Registering precompiled user dll's ...
Registered in 0.001723 seconds.
Begin MonoManager ReloadAssembly
Native extension for WindowsStandalone target not found
Native extension for WebGL target not found
Refreshing native plugins compatible for Editor in 0.32 ms, found 0 plugins.
Preloading 0 native plugins for Editor in 0.00 ms.
Mono: successfully reloaded assembly
- Completed reload, in  1.376 seconds
Platform modules already initialized, skipping
Refreshing native plugins compatible for Editor in 0.31 ms, found 0 plugins.
Preloading 0 native plugins for Editor in 0.00 ms.
Unloading 1374 Unused Serialized files (Serialized files now loaded: 0)
System memory in use before: 66.5 MB.
System memory in use after: 66.0 MB.

Unloading 18 unused Assets to reduce memory usage. Loaded Objects now: 1880.
Total: 3.194900 ms (FindLiveObjects: 0.276800 ms CreateObjectMapping: 0.106800 ms MarkObjects: 2.310400 ms  DeleteObjects: 0.498300 ms)

========================================================================
Received Prepare
Registering precompiled user dll's ...
Registered in 0.001167 seconds.
Begin MonoManager ReloadAssembly
Native extension for WindowsStandalone target not found
Native extension for WebGL target not found
Refreshing native plugins compatible for Editor in 1.58 ms, found 0 plugins.
Preloading 0 native plugins for Editor in 0.00 ms.
Mono: successfully reloaded assembly
- Completed reload, in  1.416 seconds
Platform modules already initialized, skipping
Refreshing native plugins compatible for Editor in 0.30 ms, found 0 plugins.
Preloading 0 native plugins for Editor in 0.00 ms.
Unloading 1374 Unused Serialized files (Serialized files now loaded: 0)
System memory in use before: 66.5 MB.
System memory in use after: 66.0 MB.

Unloading 18 unused Assets to reduce memory usage. Loaded Objects now: 1883.
Total: 3.286000 ms (FindLiveObjects: 0.274800 ms CreateObjectMapping: 0.125700 ms MarkObjects: 2.387000 ms  DeleteObjects: 0.495800 ms)

========================================================================
Received Import Request.
  Time since last request: 535.103641 seconds.
  path: Assets/Scenes/SampleScene.unity
  artifactKey: Guid(9fc0d4010bbf28b4594072e72b8655ab) Importer(815301076,1909f56bfc062723c751e8b465ee728b)
Start importing Assets/Scenes/SampleScene.unity using Guid(9fc0d4010bbf28b4594072e72b8655ab) Importer(815301076,1909f56bfc062723c751e8b465ee728b)  -> (artifact id: 'ab20a2dd28f39fc509dc714335d2bb84') in 0.033368 seconds
  Import took 0.037174 seconds .

========================================================================
Received Import Request.
  Time since last request: 0.032315 seconds.
  path: Assets/Scenes/SampleScene.unity
  artifactKey: Guid(9fc0d4010bbf28b4594072e72b8655ab) Importer(815301076,1909f56bfc062723c751e8b465ee728b)
Start importing Assets/Scenes/SampleScene.unity using Guid(9fc0d4010bbf28b4594072e72b8655ab) Importer(815301076,1909f56bfc062723c751e8b465ee728b)  -> (artifact id: 'ab20a2dd28f39fc509dc714335d2bb84') in 0.005309 seconds
  Import took 0.008878 seconds .

========================================================================
Received Import Request.
  Time since last request: 10.855058 seconds.
  path: Assets/Scenes/PokemonRandomAPIRest.unity
  artifactKey: Guid(9fc0d4010bbf28b4594072e72b8655ab) Importer(815301076,1909f56bfc062723c751e8b465ee728b)
Start importing Assets/Scenes/PokemonRandomAPIRest.unity using Guid(9fc0d4010bbf28b4594072e72b8655ab) Importer(815301076,1909f56bfc062723c751e8b465ee728b)  -> (artifact id: 'a818621e0601883f617ca908b479fa1a') in 0.015769 seconds
  Import took 0.019237 seconds .

========================================================================
Received Import Request.
  Time since last request: 0.061352 seconds.
  path: Assets/Scenes/PokemonRandomAPIRest.unity
  artifactKey: Guid(9fc0d4010bbf28b4594072e72b8655ab) Importer(815301076,1909f56bfc062723c751e8b465ee728b)
Start importing Assets/Scenes/PokemonRandomAPIRest.unity using Guid(9fc0d4010bbf28b4594072e72b8655ab) Importer(815301076,1909f56bfc062723c751e8b465ee728b)  -> (artifact id: 'a818621e0601883f617ca908b479fa1a') in 0.005861 seconds
  Import took 0.009801 seconds .

========================================================================
Received Prepare
Registering precompiled user dll's ...
Registered in 0.001530 seconds.
Begin MonoManager ReloadAssembly
Native extension for WindowsStandalone target not found
Native extension for WebGL target not found
Refreshing native plugins compatible for Editor in 0.31 ms, found 0 plugins.
Preloading 0 native plugins for Editor in 0.00 ms.
Mono: successfully reloaded assembly
- Completed reload, in  1.589 seconds
Platform modules already initialized, skipping
Refreshing native plugins compatible for Editor in 0.30 ms, found 0 plugins.
Preloading 0 native plugins for Editor in 0.00 ms.
Unloading 1374 Unused Serialized files (Serialized files now loaded: 0)
System memory in use before: 66.6 MB.
System memory in use after: 66.0 MB.

Unloading 18 unused Assets to reduce memory usage. Loaded Objects now: 1886.
Total: 3.015900 ms (FindLiveObjects: 0.220700 ms CreateObjectMapping: 0.102900 ms MarkObjects: 2.165600 ms  DeleteObjects: 0.525200 ms)

========================================================================
Received Prepare
Registering precompiled user dll's ...
Registered in 0.001130 seconds.
Begin MonoManager ReloadAssembly
Native extension for WindowsStandalone target not found
Native extension for WebGL target not found
Refreshing native plugins compatible for Editor in 0.33 ms, found 0 plugins.
Preloading 0 native plugins for Editor in 0.00 ms.
Mono: successfully reloaded assembly
- Completed reload, in  1.313 seconds
Platform modules already initialized, skipping
Refreshing native plugins compatible for Editor in 0.30 ms, found 0 plugins.
Preloading 0 native plugins for Editor in 0.00 ms.
Unloading 1374 Unused Serialized files (Serialized files now loaded: 0)
System memory in use before: 66.6 MB.
System memory in use after: 66.0 MB.

Unloading 18 unused Assets to reduce memory usage. Loaded Objects now: 1889.
Total: 3.252000 ms (FindLiveObjects: 0.340700 ms CreateObjectMapping: 0.191500 ms MarkObjects: 2.224200 ms  DeleteObjects: 0.492900 ms)

========================================================================
Received Import Request.
  Time since last request: 133.185567 seconds.
  path: Assets/Scripts/Components/Pokemon.cs
  artifactKey: Guid(f8ae40a81be3bb449ab7e9f69e017f7b) Importer(815301076,1909f56bfc062723c751e8b465ee728b)
Start importing Assets/Scripts/Components/Pokemon.cs using Guid(f8ae40a81be3bb449ab7e9f69e017f7b) Importer(815301076,1909f56bfc062723c751e8b465ee728b)  -> (artifact id: '9983869e9a734816a28286f056ec8b2f') in 0.018681 seconds
  Import took 0.022907 seconds .

========================================================================
Received Prepare
Registering precompiled user dll's ...
Registered in 0.001615 seconds.
Begin MonoManager ReloadAssembly
Native extension for WindowsStandalone target not found
Native extension for WebGL target not found
Refreshing native plugins compatible for Editor in 0.50 ms, found 0 plugins.
Preloading 0 native plugins for Editor in 0.00 ms.
Mono: successfully reloaded assembly
- Completed reload, in  1.492 seconds
Platform modules already initialized, skipping
Refreshing native plugins compatible for Editor in 0.34 ms, found 0 plugins.
Preloading 0 native plugins for Editor in 0.00 ms.
Unloading 1375 Unused Serialized files (Serialized files now loaded: 0)
System memory in use before: 66.6 MB.
System memory in use after: 66.0 MB.

Unloading 18 unused Assets to reduce memory usage. Loaded Objects now: 1893.
Total: 3.397200 ms (FindLiveObjects: 0.540800 ms CreateObjectMapping: 0.154000 ms MarkObjects: 2.161000 ms  DeleteObjects: 0.537200 ms)

========================================================================
Received Prepare
Registering precompiled user dll's ...
Registered in 0.001129 seconds.
Begin MonoManager ReloadAssembly
Native extension for WindowsStandalone target not found
Native extension for WebGL target not found
Refreshing native plugins compatible for Editor in 0.34 ms, found 0 plugins.
Preloading 0 native plugins for Editor in 0.00 ms.
Mono: successfully reloaded assembly
- Completed reload, in  1.327 seconds
Platform modules already initialized, skipping
Refreshing native plugins compatible for Editor in 0.33 ms, found 0 plugins.
Preloading 0 native plugins for Editor in 0.00 ms.
Unloading 1375 Unused Serialized files (Serialized files now loaded: 0)
System memory in use before: 66.6 MB.
System memory in use after: 66.0 MB.

Unloading 18 unused Assets to reduce memory usage. Loaded Objects now: 1896.
Total: 3.184600 ms (FindLiveObjects: 0.284000 ms CreateObjectMapping: 0.112700 ms MarkObjects: 2.277300 ms  DeleteObjects: 0.508300 ms)

========================================================================
Received Import Request.
  Time since last request: 137.735224 seconds.
  path: Assets/Scripts/Components/Pokemon.cs
  artifactKey: Guid(f8ae40a81be3bb449ab7e9f69e017f7b) Importer(815301076,1909f56bfc062723c751e8b465ee728b)
Start importing Assets/Scripts/Components/Pokemon.cs using Guid(f8ae40a81be3bb449ab7e9f69e017f7b) Importer(815301076,1909f56bfc062723c751e8b465ee728b)  -> (artifact id: 'd1e6a8435679d563b9ba73d738576ef6') in 0.014630 seconds
  Import took 0.018154 seconds .

========================================================================
Received Import Request.
  Time since last request: 30.719949 seconds.
  path: Assets/Scripts/Components/PokemonDisplayInformation.cs
  artifactKey: Guid(696fffd6a3e0d37498e3ca57b4f31aee) Importer(815301076,1909f56bfc062723c751e8b465ee728b)
Start importing Assets/Scripts/Components/PokemonDisplayInformation.cs using Guid(696fffd6a3e0d37498e3ca57b4f31aee) Importer(815301076,1909f56bfc062723c751e8b465ee728b)  -> (artifact id: '5d95a072a648ea2fb85f2683451f91bd') in 0.016810 seconds
  Import took 0.021868 seconds .

========================================================================
Received Prepare
Registering precompiled user dll's ...
Registered in 0.001288 seconds.
Begin MonoManager ReloadAssembly
Native extension for WindowsStandalone target not found
Native extension for WebGL target not found
Refreshing native plugins compatible for Editor in 0.33 ms, found 0 plugins.
Preloading 0 native plugins for Editor in 0.00 ms.
Mono: successfully reloaded assembly
- Completed reload, in  1.434 seconds
Platform modules already initialized, skipping
Refreshing native plugins compatible for Editor in 0.31 ms, found 0 plugins.
Preloading 0 native plugins for Editor in 0.00 ms.
Unloading 1376 Unused Serialized files (Serialized files now loaded: 0)
System memory in use before: 66.6 MB.
System memory in use after: 66.0 MB.

Unloading 18 unused Assets to reduce memory usage. Loaded Objects now: 1900.
Total: 3.526400 ms (FindLiveObjects: 0.398900 ms CreateObjectMapping: 0.162200 ms MarkObjects: 2.374100 ms  DeleteObjects: 0.589200 ms)

========================================================================
Received Prepare
Registering precompiled user dll's ...
Registered in 0.001464 seconds.
Begin MonoManager ReloadAssembly
Native extension for WindowsStandalone target not found
Native extension for WebGL target not found
Refreshing native plugins compatible for Editor in 0.32 ms, found 0 plugins.
Preloading 0 native plugins for Editor in 0.00 ms.
Mono: successfully reloaded assembly
- Completed reload, in  1.732 seconds
Platform modules already initialized, skipping
Refreshing native plugins compatible for Editor in 0.51 ms, found 0 plugins.
Preloading 0 native plugins for Editor in 0.00 ms.
Unloading 1375 Unused Serialized files (Serialized files now loaded: 0)
System memory in use before: 66.6 MB.
System memory in use after: 66.0 MB.

Unloading 19 unused Assets to reduce memory usage. Loaded Objects now: 1902.
Total: 7.720300 ms (FindLiveObjects: 0.553700 ms CreateObjectMapping: 0.177800 ms MarkObjects: 5.431900 ms  DeleteObjects: 1.553400 ms)

========================================================================
Received Prepare
Registering precompiled user dll's ...
Registered in 0.001938 seconds.
Begin MonoManager ReloadAssembly
Native extension for WindowsStandalone target not found
Native extension for WebGL target not found
Refreshing native plugins compatible for Editor in 0.30 ms, found 0 plugins.
Preloading 0 native plugins for Editor in 0.00 ms.
Mono: successfully reloaded assembly
- Completed reload, in  1.267 seconds
Platform modules already initialized, skipping
Refreshing native plugins compatible for Editor in 0.30 ms, found 0 plugins.
Preloading 0 native plugins for Editor in 0.00 ms.
Unloading 1375 Unused Serialized files (Serialized files now loaded: 0)
System memory in use before: 66.6 MB.
System memory in use after: 66.0 MB.

Unloading 18 unused Assets to reduce memory usage. Loaded Objects now: 1905.
Total: 3.340900 ms (FindLiveObjects: 0.259800 ms CreateObjectMapping: 0.164300 ms MarkObjects: 2.436700 ms  DeleteObjects: 0.477900 ms)

========================================================================
Received Import Request.
  Time since last request: 49.790174 seconds.
  path: Assets/Scripts/Components/PokemonInputRandom.cs
  artifactKey: Guid(f6f99e0df0e67a044b543d82a525d9c0) Importer(815301076,1909f56bfc062723c751e8b465ee728b)
Start importing Assets/Scripts/Components/PokemonInputRandom.cs using Guid(f6f99e0df0e67a044b543d82a525d9c0) Importer(815301076,1909f56bfc062723c751e8b465ee728b)  -> (artifact id: 'e408618e267efe9bf29d8ea2ab2a1a27') in 0.013453 seconds
  Import took 0.016782 seconds .

========================================================================
Received Import Request.
  Time since last request: 4.804925 seconds.
  path: Assets/Scripts/Components/PokemonRandomInput.cs
  artifactKey: Guid(f6f99e0df0e67a044b543d82a525d9c0) Importer(815301076,1909f56bfc062723c751e8b465ee728b)
Start importing Assets/Scripts/Components/PokemonRandomInput.cs using Guid(f6f99e0df0e67a044b543d82a525d9c0) Importer(815301076,1909f56bfc062723c751e8b465ee728b)  -> (artifact id: '704fed763e152d7d6e09a96f573d837b') in 0.014790 seconds
  Import took 0.017985 seconds .

========================================================================
Received Prepare
Registering precompiled user dll's ...
Registered in 0.001154 seconds.
Begin MonoManager ReloadAssembly
Native extension for WindowsStandalone target not found
Native extension for WebGL target not found
Refreshing native plugins compatible for Editor in 0.31 ms, found 0 plugins.
Preloading 0 native plugins for Editor in 0.00 ms.
Mono: successfully reloaded assembly
- Completed reload, in  1.325 seconds
Platform modules already initialized, skipping
Refreshing native plugins compatible for Editor in 0.30 ms, found 0 plugins.
Preloading 0 native plugins for Editor in 0.00 ms.
Unloading 1375 Unused Serialized files (Serialized files now loaded: 0)
System memory in use before: 66.6 MB.
System memory in use after: 66.0 MB.

Unloading 18 unused Assets to reduce memory usage. Loaded Objects now: 1908.
Total: 3.344400 ms (FindLiveObjects: 0.235800 ms CreateObjectMapping: 0.238100 ms MarkObjects: 2.375600 ms  DeleteObjects: 0.493000 ms)

========================================================================
Received Import Request.
  Time since last request: 19.789304 seconds.
  path: Assets/Scripts/Components/PokemonInformationDisplay.cs
  artifactKey: Guid(187d176786c026c4b812eeadcc762507) Importer(815301076,1909f56bfc062723c751e8b465ee728b)
Start importing Assets/Scripts/Components/PokemonInformationDisplay.cs using Guid(187d176786c026c4b812eeadcc762507) Importer(815301076,1909f56bfc062723c751e8b465ee728b)  -> (artifact id: '6aeefb328ac7deb359ccd79d8c358c15') in 0.017066 seconds
  Import took 0.020933 seconds .

========================================================================
Received Prepare
Registering precompiled user dll's ...
Registered in 0.001209 seconds.
Begin MonoManager ReloadAssembly
Native extension for WindowsStandalone target not found
Native extension for WebGL target not found
Refreshing native plugins compatible for Editor in 0.31 ms, found 0 plugins.
Preloading 0 native plugins for Editor in 0.00 ms.
Mono: successfully reloaded assembly
- Completed reload, in  1.323 seconds
Platform modules already initialized, skipping
Refreshing native plugins compatible for Editor in 0.30 ms, found 0 plugins.
Preloading 0 native plugins for Editor in 0.00 ms.
Unloading 1376 Unused Serialized files (Serialized files now loaded: 0)
System memory in use before: 66.6 MB.
System memory in use after: 66.1 MB.

Unloading 18 unused Assets to reduce memory usage. Loaded Objects now: 1912.
Total: 3.370900 ms (FindLiveObjects: 0.328600 ms CreateObjectMapping: 0.128100 ms MarkObjects: 2.413300 ms  DeleteObjects: 0.498700 ms)

========================================================================
Received Prepare
Registering precompiled user dll's ...
Registered in 0.001176 seconds.
Begin MonoManager ReloadAssembly
Native extension for WindowsStandalone target not found
Native extension for WebGL target not found
Refreshing native plugins compatible for Editor in 0.34 ms, found 0 plugins.
Preloading 0 native plugins for Editor in 0.00 ms.
Mono: successfully reloaded assembly
- Completed reload, in  1.284 seconds
Platform modules already initialized, skipping
Refreshing native plugins compatible for Editor in 0.36 ms, found 0 plugins.
Preloading 0 native plugins for Editor in 0.00 ms.
Unloading 1376 Unused Serialized files (Serialized files now loaded: 0)
System memory in use before: 66.7 MB.
System memory in use after: 66.1 MB.

Unloading 18 unused Assets to reduce memory usage. Loaded Objects now: 1915.
Total: 3.240400 ms (FindLiveObjects: 0.399400 ms CreateObjectMapping: 0.074100 ms MarkObjects: 2.271000 ms  DeleteObjects: 0.491800 ms)

========================================================================
Received Prepare
Registering precompiled user dll's ...
Registered in 0.001145 seconds.
Begin MonoManager ReloadAssembly
Native extension for WindowsStandalone target not found
Native extension for WebGL target not found
Refreshing native plugins compatible for Editor in 0.30 ms, found 0 plugins.
Preloading 0 native plugins for Editor in 0.00 ms.
Mono: successfully reloaded assembly
- Completed reload, in  1.369 seconds
Platform modules already initialized, skipping
Refreshing native plugins compatible for Editor in 0.36 ms, found 0 plugins.
Preloading 0 native plugins for Editor in 0.00 ms.
Unloading 1376 Unused Serialized files (Serialized files now loaded: 0)
System memory in use before: 66.7 MB.
System memory in use after: 66.1 MB.

Unloading 18 unused Assets to reduce memory usage. Loaded Objects now: 1918.
Total: 3.447500 ms (FindLiveObjects: 0.379700 ms CreateObjectMapping: 0.174700 ms MarkObjects: 2.410000 ms  DeleteObjects: 0.480900 ms)

========================================================================
Received Prepare
Registering precompiled user dll's ...
Registered in 0.001169 seconds.
Begin MonoManager ReloadAssembly
Native extension for WindowsStandalone target not found
Native extension for WebGL target not found
Refreshing native plugins compatible for Editor in 0.31 ms, found 0 plugins.
Preloading 0 native plugins for Editor in 0.00 ms.
Mono: successfully reloaded assembly
- Completed reload, in  1.289 seconds
Platform modules already initialized, skipping
Refreshing native plugins compatible for Editor in 0.36 ms, found 0 plugins.
Preloading 0 native plugins for Editor in 0.00 ms.
Unloading 1376 Unused Serialized files (Serialized files now loaded: 0)
System memory in use before: 66.7 MB.
System memory in use after: 66.1 MB.

Unloading 18 unused Assets to reduce memory usage. Loaded Objects now: 1921.
Total: 3.101500 ms (FindLiveObjects: 0.217300 ms CreateObjectMapping: 0.076200 ms MarkObjects: 2.309100 ms  DeleteObjects: 0.496700 ms)

========================================================================
Received Prepare
Registering precompiled user dll's ...
Registered in 0.001831 seconds.
Begin MonoManager ReloadAssembly
Native extension for WindowsStandalone target not found
Native extension for WebGL target not found
Refreshing native plugins compatible for Editor in 0.34 ms, found 0 plugins.
Preloading 0 native plugins for Editor in 0.00 ms.
Mono: successfully reloaded assembly
- Completed reload, in  1.488 seconds
Platform modules already initialized, skipping
Refreshing native plugins compatible for Editor in 0.36 ms, found 0 plugins.
Preloading 0 native plugins for Editor in 0.00 ms.
Unloading 1376 Unused Serialized files (Serialized files now loaded: 0)
System memory in use before: 66.7 MB.
System memory in use after: 66.1 MB.

Unloading 18 unused Assets to reduce memory usage. Loaded Objects now: 1924.
Total: 3.559600 ms (FindLiveObjects: 0.329700 ms CreateObjectMapping: 0.169600 ms MarkObjects: 2.352000 ms  DeleteObjects: 0.706000 ms)

========================================================================
Received Prepare
Registering precompiled user dll's ...
Registered in 0.002174 seconds.
Begin MonoManager ReloadAssembly
Native extension for WindowsStandalone target not found
Native extension for WebGL target not found
Refreshing native plugins compatible for Editor in 0.36 ms, found 0 plugins.
Preloading 0 native plugins for Editor in 0.00 ms.
Mono: successfully reloaded assembly
- Completed reload, in  1.387 seconds
Platform modules already initialized, skipping
Refreshing native plugins compatible for Editor in 0.35 ms, found 0 plugins.
Preloading 0 native plugins for Editor in 0.00 ms.
Unloading 1376 Unused Serialized files (Serialized files now loaded: 0)
System memory in use before: 66.7 MB.
System memory in use after: 66.1 MB.

Unloading 18 unused Assets to reduce memory usage. Loaded Objects now: 1927.
Total: 3.073900 ms (FindLiveObjects: 0.309400 ms CreateObjectMapping: 0.093600 ms MarkObjects: 2.167500 ms  DeleteObjects: 0.500600 ms)

========================================================================
Received Prepare
Registering precompiled user dll's ...
Registered in 0.002080 seconds.
Begin MonoManager ReloadAssembly
Native extension for WindowsStandalone target not found
Native extension for WebGL target not found
Refreshing native plugins compatible for Editor in 0.49 ms, found 0 plugins.
Preloading 0 native plugins for Editor in 0.00 ms.
Mono: successfully reloaded assembly
- Completed reload, in  1.660 seconds
Platform modules already initialized, skipping
Refreshing native plugins compatible for Editor in 0.34 ms, found 0 plugins.
Preloading 0 native plugins for Editor in 0.00 ms.
Unloading 1376 Unused Serialized files (Serialized files now loaded: 0)
System memory in use before: 66.7 MB.
System memory in use after: 66.1 MB.

Unloading 18 unused Assets to reduce memory usage. Loaded Objects now: 1930.
Total: 2.964200 ms (FindLiveObjects: 0.395700 ms CreateObjectMapping: 0.109600 ms MarkObjects: 1.966300 ms  DeleteObjects: 0.490600 ms)

========================================================================
Received Import Request.
  Time since last request: 1405.296392 seconds.
  path: Assets/Scripts/Components/PokemonRandomInput1.cs
  artifactKey: Guid(34be81c977ff52d448555ae9403497d0) Importer(815301076,1909f56bfc062723c751e8b465ee728b)
Start importing Assets/Scripts/Components/PokemonRandomInput1.cs using Guid(34be81c977ff52d448555ae9403497d0) Importer(815301076,1909f56bfc062723c751e8b465ee728b)  -> (artifact id: 'c506b1a5f2741039d1dff0c4edd7c345') in 0.017974 seconds
  Import took 0.022579 seconds .

========================================================================
Received Prepare
Registering precompiled user dll's ...
Registered in 0.001159 seconds.
Begin MonoManager ReloadAssembly
Native extension for WindowsStandalone target not found
Native extension for WebGL target not found
Refreshing native plugins compatible for Editor in 0.30 ms, found 0 plugins.
Preloading 0 native plugins for Editor in 0.00 ms.
Mono: successfully reloaded assembly
- Completed reload, in  1.308 seconds
Platform modules already initialized, skipping
Refreshing native plugins compatible for Editor in 0.35 ms, found 0 plugins.
Preloading 0 native plugins for Editor in 0.00 ms.
Unloading 1376 Unused Serialized files (Serialized files now loaded: 0)
System memory in use before: 66.7 MB.
System memory in use after: 66.1 MB.

Unloading 19 unused Assets to reduce memory usage. Loaded Objects now: 1933.
Total: 3.309100 ms (FindLiveObjects: 0.338300 ms CreateObjectMapping: 0.080700 ms MarkObjects: 2.402100 ms  DeleteObjects: 0.485800 ms)

========================================================================
Received Import Request.
  Time since last request: 12.702014 seconds.
  path: Assets/Scripts/Components/PokemonRandomInput.cs
  artifactKey: Guid(34be81c977ff52d448555ae9403497d0) Importer(815301076,1909f56bfc062723c751e8b465ee728b)
Start importing Assets/Scripts/Components/PokemonRandomInput.cs using Guid(34be81c977ff52d448555ae9403497d0) Importer(815301076,1909f56bfc062723c751e8b465ee728b)  -> (artifact id: '52a6d1ff0d300cb9db38d2014bdb5829') in 0.015467 seconds
  Import took 0.019373 seconds .

========================================================================
Received Prepare
Registering precompiled user dll's ...
Registered in 0.001130 seconds.
Begin MonoManager ReloadAssembly
Native extension for WindowsStandalone target not found
Native extension for WebGL target not found
Refreshing native plugins compatible for Editor in 0.36 ms, found 0 plugins.
Preloading 0 native plugins for Editor in 0.00 ms.
Mono: successfully reloaded assembly
- Completed reload, in  1.247 seconds
Platform modules already initialized, skipping
Refreshing native plugins compatible for Editor in 0.39 ms, found 0 plugins.
Preloading 0 native plugins for Editor in 0.00 ms.
Unloading 1376 Unused Serialized files (Serialized files now loaded: 0)
System memory in use before: 66.7 MB.
System memory in use after: 66.1 MB.

Unloading 18 unused Assets to reduce memory usage. Loaded Objects now: 1936.
Total: 3.533800 ms (FindLiveObjects: 0.367500 ms CreateObjectMapping: 0.169600 ms MarkObjects: 2.518500 ms  DeleteObjects: 0.476100 ms)

========================================================================
Received Prepare
Registering precompiled user dll's ...
Registered in 0.002164 seconds.
Begin MonoManager ReloadAssembly
Native extension for WindowsStandalone target not found
Native extension for WebGL target not found
Refreshing native plugins compatible for Editor in 0.32 ms, found 0 plugins.
Preloading 0 native plugins for Editor in 0.00 ms.
Mono: successfully reloaded assembly
- Completed reload, in  1.481 seconds
Platform modules already initialized, skipping
Refreshing native plugins compatible for Editor in 0.39 ms, found 0 plugins.
Preloading 0 native plugins for Editor in 0.00 ms.
Unloading 1376 Unused Serialized files (Serialized files now loaded: 0)
System memory in use before: 66.7 MB.
System memory in use after: 66.1 MB.

Unloading 18 unused Assets to reduce memory usage. Loaded Objects now: 1939.
Total: 3.048700 ms (FindLiveObjects: 0.288900 ms CreateObjectMapping: 0.129800 ms MarkObjects: 2.120700 ms  DeleteObjects: 0.507200 ms)

========================================================================
Received Import Request.
  Time since last request: 28.335814 seconds.
  path: Assets/Scripts/Components/PokemonRandomInput.cs
  artifactKey: Guid(34be81c977ff52d448555ae9403497d0) Importer(815301076,1909f56bfc062723c751e8b465ee728b)
Start importing Assets/Scripts/Components/PokemonRandomInput.cs using Guid(34be81c977ff52d448555ae9403497d0) Importer(815301076,1909f56bfc062723c751e8b465ee728b)  -> (artifact id: '89005b91874949a12b445c2bcf3de9b2') in 0.011135 seconds
  Import took 0.015318 seconds .

========================================================================
Received Prepare
Registering precompiled user dll's ...
Registered in 0.001132 seconds.
Begin MonoManager ReloadAssembly
Native extension for WindowsStandalone target not found
Native extension for WebGL target not found
Refreshing native plugins compatible for Editor in 0.32 ms, found 0 plugins.
Preloading 0 native plugins for Editor in 0.00 ms.
Mono: successfully reloaded assembly
- Completed reload, in  1.305 seconds
Platform modules already initialized, skipping
Refreshing native plugins compatible for Editor in 0.32 ms, found 0 plugins.
Preloading 0 native plugins for Editor in 0.00 ms.
Unloading 1376 Unused Serialized files (Serialized files now loaded: 0)
System memory in use before: 66.7 MB.
System memory in use after: 66.1 MB.

Unloading 18 unused Assets to reduce memory usage. Loaded Objects now: 1942.
Total: 3.342400 ms (FindLiveObjects: 0.243700 ms CreateObjectMapping: 0.134000 ms MarkObjects: 2.498300 ms  DeleteObjects: 0.464300 ms)

========================================================================
Received Prepare
Registering precompiled user dll's ...
Registered in 0.000896 seconds.
Begin MonoManager ReloadAssembly
Native extension for WindowsStandalone target not found
Native extension for WebGL target not found
Refreshing native plugins compatible for Editor in 0.22 ms, found 0 plugins.
Preloading 0 native plugins for Editor in 0.00 ms.
Mono: successfully reloaded assembly
- Completed reload, in  0.940 seconds
Platform modules already initialized, skipping
Refreshing native plugins compatible for Editor in 0.24 ms, found 0 plugins.
Preloading 0 native plugins for Editor in 0.00 ms.
Unloading 1376 Unused Serialized files (Serialized files now loaded: 0)
System memory in use before: 66.7 MB.
System memory in use after: 66.1 MB.

Unloading 18 unused Assets to reduce memory usage. Loaded Objects now: 1945.
Total: 2.728300 ms (FindLiveObjects: 0.204600 ms CreateObjectMapping: 0.054000 ms MarkObjects: 2.103200 ms  DeleteObjects: 0.364600 ms)

========================================================================
Received Prepare
Registering precompiled user dll's ...
Registered in 0.000755 seconds.
Begin MonoManager ReloadAssembly
Native extension for WindowsStandalone target not found
Native extension for WebGL target not found
Refreshing native plugins compatible for Editor in 0.23 ms, found 0 plugins.
Preloading 0 native plugins for Editor in 0.00 ms.
Mono: successfully reloaded assembly
- Completed reload, in  1.090 seconds
Platform modules already initialized, skipping
Refreshing native plugins compatible for Editor in 0.24 ms, found 0 plugins.
Preloading 0 native plugins for Editor in 0.00 ms.
Unloading 1376 Unused Serialized files (Serialized files now loaded: 0)
System memory in use before: 66.7 MB.
System memory in use after: 66.1 MB.

Unloading 18 unused Assets to reduce memory usage. Loaded Objects now: 1948.
Total: 4.702100 ms (FindLiveObjects: 0.439100 ms CreateObjectMapping: 0.177200 ms MarkObjects: 3.517800 ms  DeleteObjects: 0.564700 ms)

========================================================================
Received Prepare
Registering precompiled user dll's ...
Registered in 0.000794 seconds.
Begin MonoManager ReloadAssembly
Native extension for WindowsStandalone target not found
Native extension for WebGL target not found
Refreshing native plugins compatible for Editor in 0.80 ms, found 0 plugins.
Preloading 0 native plugins for Editor in 0.00 ms.
Mono: successfully reloaded assembly
- Completed reload, in  1.020 seconds
Platform modules already initialized, skipping
Refreshing native plugins compatible for Editor in 0.26 ms, found 0 plugins.
Preloading 0 native plugins for Editor in 0.00 ms.
Unloading 1376 Unused Serialized files (Serialized files now loaded: 0)
System memory in use before: 66.7 MB.
System memory in use after: 66.1 MB.

Unloading 18 unused Assets to reduce memory usage. Loaded Objects now: 1951.
Total: 2.399700 ms (FindLiveObjects: 0.180200 ms CreateObjectMapping: 0.053400 ms MarkObjects: 1.622000 ms  DeleteObjects: 0.542500 ms)

========================================================================
Received Prepare
Registering precompiled user dll's ...
Registered in 0.001069 seconds.
Begin MonoManager ReloadAssembly
Native extension for WindowsStandalone target not found
Native extension for WebGL target not found
Refreshing native plugins compatible for Editor in 0.25 ms, found 0 plugins.
Preloading 0 native plugins for Editor in 0.00 ms.
Mono: successfully reloaded assembly
- Completed reload, in  0.927 seconds
Platform modules already initialized, skipping
Refreshing native plugins compatible for Editor in 0.25 ms, found 0 plugins.
Preloading 0 native plugins for Editor in 0.00 ms.
Unloading 1376 Unused Serialized files (Serialized files now loaded: 0)
System memory in use before: 66.7 MB.
System memory in use after: 66.1 MB.

Unloading 18 unused Assets to reduce memory usage. Loaded Objects now: 1954.
Total: 2.183300 ms (FindLiveObjects: 0.350200 ms CreateObjectMapping: 0.051700 ms MarkObjects: 1.467600 ms  DeleteObjects: 0.312200 ms)

========================================================================
Received Prepare
Registering precompiled user dll's ...
Registered in 0.000742 seconds.
Begin MonoManager ReloadAssembly
Native extension for WindowsStandalone target not found
Native extension for WebGL target not found
Refreshing native plugins compatible for Editor in 0.22 ms, found 0 plugins.
Preloading 0 native plugins for Editor in 0.00 ms.
Mono: successfully reloaded assembly
- Completed reload, in  0.761 seconds
Platform modules already initialized, skipping
Refreshing native plugins compatible for Editor in 0.28 ms, found 0 plugins.
Preloading 0 native plugins for Editor in 0.00 ms.
Unloading 1376 Unused Serialized files (Serialized files now loaded: 0)
System memory in use before: 66.7 MB.
System memory in use after: 66.2 MB.

Unloading 18 unused Assets to reduce memory usage. Loaded Objects now: 1957.
Total: 2.061700 ms (FindLiveObjects: 0.277900 ms CreateObjectMapping: 0.063900 ms MarkObjects: 1.383200 ms  DeleteObjects: 0.335400 ms)

========================================================================
Received Prepare
Registering precompiled user dll's ...
Registered in 0.001201 seconds.
Begin MonoManager ReloadAssembly
Native extension for WindowsStandalone target not found
Native extension for WebGL target not found
Refreshing native plugins compatible for Editor in 0.33 ms, found 0 plugins.
Preloading 0 native plugins for Editor in 0.00 ms.
Mono: successfully reloaded assembly
- Completed reload, in  1.413 seconds
Platform modules already initialized, skipping
Refreshing native plugins compatible for Editor in 0.36 ms, found 0 plugins.
Preloading 0 native plugins for Editor in 0.00 ms.
Unloading 1376 Unused Serialized files (Serialized files now loaded: 0)
System memory in use before: 66.7 MB.
System memory in use after: 66.2 MB.

Unloading 18 unused Assets to reduce memory usage. Loaded Objects now: 1960.
Total: 3.100200 ms (FindLiveObjects: 0.269600 ms CreateObjectMapping: 0.103000 ms MarkObjects: 2.235900 ms  DeleteObjects: 0.489000 ms)

========================================================================
Received Prepare
Registering precompiled user dll's ...
Registered in 0.001457 seconds.
Begin MonoManager ReloadAssembly
Native extension for WindowsStandalone target not found
Native extension for WebGL target not found
Refreshing native plugins compatible for Editor in 0.32 ms, found 0 plugins.
Preloading 0 native plugins for Editor in 0.00 ms.
Mono: successfully reloaded assembly
- Completed reload, in  1.726 seconds
Platform modules already initialized, skipping
Refreshing native plugins compatible for Editor in 0.54 ms, found 0 plugins.
Preloading 0 native plugins for Editor in 0.00 ms.
Unloading 1376 Unused Serialized files (Serialized files now loaded: 0)
System memory in use before: 66.7 MB.
System memory in use after: 66.2 MB.

Unloading 18 unused Assets to reduce memory usage. Loaded Objects now: 1963.
Total: 8.289400 ms (FindLiveObjects: 1.530000 ms CreateObjectMapping: 0.368200 ms MarkObjects: 4.410000 ms  DeleteObjects: 1.977100 ms)

========================================================================
Received Prepare
Registering precompiled user dll's ...
Registered in 0.001136 seconds.
Begin MonoManager ReloadAssembly
Native extension for WindowsStandalone target not found
Native extension for WebGL target not found
Refreshing native plugins compatible for Editor in 0.32 ms, found 0 plugins.
Preloading 0 native plugins for Editor in 0.00 ms.
Mono: successfully reloaded assembly
- Completed reload, in  1.280 seconds
Platform modules already initialized, skipping
Refreshing native plugins compatible for Editor in 0.35 ms, found 0 plugins.
Preloading 0 native plugins for Editor in 0.00 ms.
Unloading 1376 Unused Serialized files (Serialized files now loaded: 0)
System memory in use before: 66.8 MB.
System memory in use after: 66.2 MB.

Unloading 18 unused Assets to reduce memory usage. Loaded Objects now: 1966.
Total: 3.309400 ms (FindLiveObjects: 0.281000 ms CreateObjectMapping: 0.098900 ms MarkObjects: 2.442100 ms  DeleteObjects: 0.485400 ms)

========================================================================
Received Prepare
Registering precompiled user dll's ...
Registered in 0.001822 seconds.
Begin MonoManager ReloadAssembly
Native extension for WindowsStandalone target not found
Native extension for WebGL target not found
Refreshing native plugins compatible for Editor in 0.33 ms, found 0 plugins.
Preloading 0 native plugins for Editor in 0.00 ms.
Mono: successfully reloaded assembly
- Completed reload, in  1.668 seconds
Platform modules already initialized, skipping
Refreshing native plugins compatible for Editor in 0.35 ms, found 0 plugins.
Preloading 0 native plugins for Editor in 0.00 ms.
Unloading 1376 Unused Serialized files (Serialized files now loaded: 0)
System memory in use before: 66.8 MB.
System memory in use after: 66.2 MB.

Unloading 18 unused Assets to reduce memory usage. Loaded Objects now: 1969.
Total: 4.389100 ms (FindLiveObjects: 0.313200 ms CreateObjectMapping: 0.110600 ms MarkObjects: 3.195000 ms  DeleteObjects: 0.767900 ms)

AssetImportWorkerClient::OnTransportError - code=2 error=End of file
